#
# There is insufficient memory for the Java Runtime Environment to continue.
# Native memory allocation (malloc) failed to allocate 515216 bytes for Chunk::new
# Possible reasons:
#   The system is out of physical RAM or swap space
#   The process is running with CompressedOops enabled, and the Java Heap may be blocking the growth of the native heap
# Possible solutions:
#   Reduce memory load on the system
#   Increase physical memory or swap space
#   Check if swap backing store is full
#   Decrease Java heap size (-Xmx/-Xms)
#   Decrease number of Java threads
#   Decrease Java thread stack sizes (-Xss)
#   Set larger code cache with -XX:ReservedCodeCacheSize=
#   JVM is running with Unscaled Compressed Oops mode in which the Java heap is
#     placed in the first 4GB address space. The Java Heap base address is the
#     maximum limit for the native heap growth. Please use -XX:HeapBaseMinAddress
#     to set the Java Heap base and to place the Java Heap above 4GB virtual address.
# This output file may be truncated or incomplete.
#
#  Out of Memory Error (allocation.cpp:389), pid=4876, tid=0x0000000000001920
#
# JRE version: Java(TM) SE Runtime Environment (8.0_291-b10) (build 1.8.0_291-b10)
# Java VM: Java HotSpot(TM) 64-Bit Server VM (25.291-b10 mixed mode windows-amd64 compressed oops)
# Failed to write core dump. Minidumps are not enabled by default on client versions of Windows
#

---------------  T H R E A D  ---------------

Current thread (0x00000000536db000):  JavaThread "C2 CompilerThread0" daemon [_thread_in_native, id=6432, stack(0x00000000548d0000,0x00000000549d0000)]

Stack: [0x00000000548d0000,0x00000000549d0000]
Native frames: (J=compiled Java code, j=interpreted, Vv=VM code, C=native code)
V  [jvm.dll+0x32ea19]
V  [jvm.dll+0x275462]
V  [jvm.dll+0x27610d]
V  [jvm.dll+0x26cb45]
V  [jvm.dll+0xd524c]
V  [jvm.dll+0xd5a4c]
V  [jvm.dll+0x452872]
V  [jvm.dll+0x48dcdd]
V  [jvm.dll+0x442871]
V  [jvm.dll+0x43fae4]
V  [jvm.dll+0x42aa57]
V  [jvm.dll+0xabeeb]
V  [jvm.dll+0xaa54b]
V  [jvm.dll+0x23db02]
V  [jvm.dll+0x29210c]
C  [ucrtbase.DLL+0x1f4a0]
C  [kernel32.dll+0x1556d]
C  [ntdll.dll+0x5385d]


Current CompileTask:
C2:1926327 5406   !   4       java.net.URLClassLoader$1::run (63 bytes)


---------------  P R O C E S S  ---------------

Java Threads: ( => current thread )
  0x0000000056d7e800 JavaThread "restartedMain" [_thread_in_native, id=5324, stack(0x000000005cab0000,0x000000005cbb0000)]
  0x0000000056d7f000 JavaThread "Thread-8" [_thread_blocked, id=4320, stack(0x00000000573c0000,0x00000000574c0000)]
  0x0000000056bf5800 JavaThread "DestroyJavaVM" [_thread_blocked, id=1424, stack(0x00000000021a0000,0x00000000022a0000)]
  0x0000000056d7d000 JavaThread "Live Reload Server" daemon [_thread_in_native, id=3296, stack(0x000000005c970000,0x000000005ca70000)]
  0x0000000058519000 JavaThread "mysql-cj-abandoned-connection-cleanup" daemon [_thread_blocked, id=6852, stack(0x000000005b630000,0x000000005b730000)]
  0x00000000536f9000 JavaThread "Service Thread" daemon [_thread_blocked, id=4728, stack(0x0000000054c60000,0x0000000054d60000)]
  0x00000000536e3800 JavaThread "C1 CompilerThread1" daemon [_thread_blocked, id=5508, stack(0x0000000054b00000,0x0000000054c00000)]
=>0x00000000536db000 JavaThread "C2 CompilerThread0" daemon [_thread_in_native, id=6432, stack(0x00000000548d0000,0x00000000549d0000)]
  0x00000000536d8800 JavaThread "Attach Listener" daemon [_thread_blocked, id=7040, stack(0x00000000547c0000,0x00000000548c0000)]
  0x00000000536d7800 JavaThread "Signal Dispatcher" daemon [_thread_blocked, id=4884, stack(0x0000000054630000,0x0000000054730000)]
  0x00000000536b3000 JavaThread "Finalizer" daemon [_thread_blocked, id=5572, stack(0x0000000054420000,0x0000000054520000)]
  0x00000000536a9000 JavaThread "Reference Handler" daemon [_thread_blocked, id=3552, stack(0x0000000054200000,0x0000000054300000)]

Other Threads:
  0x0000000053660000 VMThread [stack: 0x0000000054320000,0x0000000054420000] [id=5400]
  0x00000000536fc000 WatcherThread [stack: 0x0000000054dc0000,0x0000000054ec0000] [id=464]

VM state:not at safepoint (normal execution)

VM Mutex/Monitor currently owned by a thread: None

heap address: 0x00000000e1000000, size: 496 MB, Compressed Oops mode: 32-bit
Narrow klass base: 0x0000000000000000, Narrow klass shift: 0
Compressed class space size: 1073741824 Address: 0x0000000012df0000

Heap:
 PSYoungGen      total 153600K, used 15099K [0x00000000f5b00000, 0x0000000100000000, 0x0000000100000000)
  eden space 138240K, 10% used [0x00000000f5b00000,0x00000000f69becd8,0x00000000fe200000)
  from space 15360K, 0% used [0x00000000ff100000,0x00000000ff100000,0x0000000100000000)
  to   space 15360K, 0% used [0x00000000fe200000,0x00000000fe200000,0x00000000ff100000)
 ParOldGen       total 47104K, used 15199K [0x00000000e1000000, 0x00000000e3e00000, 0x00000000f5b00000)
  object space 47104K, 32% used [0x00000000e1000000,0x00000000e1ed7f30,0x00000000e3e00000)
 Metaspace       used 58890K, capacity 62576K, committed 62760K, reserved 1103872K
  class space    used 8049K, capacity 8685K, committed 8744K, reserved 1048576K

Card table byte_map: [0x0000000001f60000,0x0000000002060000] byte_map_base: 0x0000000001858000

Marking Bits: (ParMarkBitMap*) 0x0000000067be7fe0
 Begin Bits: [0x0000000011e70000, 0x0000000012630000)
 End Bits:   [0x0000000012630000, 0x0000000012df0000)

Polling page: 0x0000000001f30000

CodeCache: size=245760Kb used=15299Kb max_used=15448Kb free=230460Kb
 bounds [0x0000000002570000, 0x00000000034b0000, 0x0000000011570000]
 total_blobs=5178 nmethods=4637 adapters=454
 compilation: enabled

Compilation events (10 events):
Event: 1913.007 Thread 0x00000000536db000 nmethod 5401 0x0000000003217750 code [0x00000000032178a0, 0x0000000003217928]
Event: 1913.590 Thread 0x00000000536e3800 5402       3       java.util.WeakHashMap::isEmpty (13 bytes)
Event: 1913.591 Thread 0x00000000536e3800 nmethod 5402 0x000000000311abd0 code [0x000000000311ad40, 0x000000000311b068]
Event: 1913.591 Thread 0x00000000536db000 5403  s    4       java.util.Hashtable::put (104 bytes)
Event: 1913.766 Thread 0x00000000536db000 nmethod 5403 0x0000000002880610 code [0x00000000028807c0, 0x00000000028814f8]
Event: 1913.766 Thread 0x00000000536db000 5404       4       java.util.Hashtable::addEntry (87 bytes)
Event: 1913.786 Thread 0x00000000536db000 nmethod 5404 0x0000000003471c90 code [0x0000000003471e20, 0x00000000034723f8]
Event: 1913.841 Thread 0x00000000536db000 5405       4       java.util.Properties::getProperty (46 bytes)
Event: 1914.044 Thread 0x00000000536db000 nmethod 5405 0x00000000034711d0 code [0x0000000003471320, 0x00000000034718f8]
Event: 1914.136 Thread 0x00000000536db000 5406   !   4       java.net.URLClassLoader$1::run (63 bytes)

GC Heap History (10 events):
Event: 705.088 GC heap before
{Heap before GC invocations=19 (full 3):
 PSYoungGen      total 141824K, used 113087K [0x00000000f5b00000, 0x0000000100000000, 0x0000000100000000)
  eden space 132096K, 83% used [0x00000000f5b00000,0x00000000fc6a4e98,0x00000000fdc00000)
  from space 9728K, 29% used [0x00000000fdc00000,0x00000000fdecaf60,0x00000000fe580000)
  to   space 14848K, 0% used [0x00000000ff180000,0x00000000ff180000,0x0000000100000000)
 ParOldGen       total 47104K, used 26729K [0x00000000e1000000, 0x00000000e3e00000, 0x00000000f5b00000)
  object space 47104K, 56% used [0x00000000e1000000,0x00000000e2a1a7d0,0x00000000e3e00000)
 Metaspace       used 58211K, capacity 61792K, committed 61992K, reserved 1101824K
  class space    used 8051K, capacity 8676K, committed 8744K, reserved 1048576K
Event: 705.201 GC heap after
Heap after GC invocations=19 (full 3):
 PSYoungGen      total 152064K, used 9299K [0x00000000f5b00000, 0x0000000100000000, 0x0000000100000000)
  eden space 137216K, 0% used [0x00000000f5b00000,0x00000000f5b00000,0x00000000fe100000)
  from space 14848K, 62% used [0x00000000ff180000,0x00000000ffa94fc0,0x0000000100000000)
  to   space 15872K, 0% used [0x00000000fe100000,0x00000000fe100000,0x00000000ff080000)
 ParOldGen       total 47104K, used 29747K [0x00000000e1000000, 0x00000000e3e00000, 0x00000000f5b00000)
  object space 47104K, 63% used [0x00000000e1000000,0x00000000e2d0cc28,0x00000000e3e00000)
 Metaspace       used 58211K, capacity 61792K, committed 61992K, reserved 1101824K
  class space    used 8051K, capacity 8676K, committed 8744K, reserved 1048576K
}
Event: 705.201 GC heap before
{Heap before GC invocations=20 (full 4):
 PSYoungGen      total 152064K, used 9299K [0x00000000f5b00000, 0x0000000100000000, 0x0000000100000000)
  eden space 137216K, 0% used [0x00000000f5b00000,0x00000000f5b00000,0x00000000fe100000)
  from space 14848K, 62% used [0x00000000ff180000,0x00000000ffa94fc0,0x0000000100000000)
  to   space 15872K, 0% used [0x00000000fe100000,0x00000000fe100000,0x00000000ff080000)
 ParOldGen       total 47104K, used 29747K [0x00000000e1000000, 0x00000000e3e00000, 0x00000000f5b00000)
  object space 47104K, 63% used [0x00000000e1000000,0x00000000e2d0cc28,0x00000000e3e00000)
 Metaspace       used 58211K, capacity 61792K, committed 61992K, reserved 1101824K
  class space    used 8051K, capacity 8676K, committed 8744K, reserved 1048576K
Event: 705.564 GC heap after
Heap after GC invocations=20 (full 4):
 PSYoungGen      total 152064K, used 0K [0x00000000f5b00000, 0x0000000100000000, 0x0000000100000000)
  eden space 137216K, 0% used [0x00000000f5b00000,0x00000000f5b00000,0x00000000fe100000)
  from space 14848K, 0% used [0x00000000ff180000,0x00000000ff180000,0x0000000100000000)
  to   space 15872K, 0% used [0x00000000fe100000,0x00000000fe100000,0x00000000ff080000)
 ParOldGen       total 47104K, used 19921K [0x00000000e1000000, 0x00000000e3e00000, 0x00000000f5b00000)
  object space 47104K, 42% used [0x00000000e1000000,0x00000000e23747b0,0x00000000e3e00000)
 Metaspace       used 58083K, capacity 61586K, committed 61992K, reserved 1101824K
  class space    used 8028K, capacity 8633K, committed 8744K, reserved 1048576K
}
Event: 715.574 GC heap before
{Heap before GC invocations=21 (full 4):
 PSYoungGen      total 152064K, used 137216K [0x00000000f5b00000, 0x0000000100000000, 0x0000000100000000)
  eden space 137216K, 100% used [0x00000000f5b00000,0x00000000fe100000,0x00000000fe100000)
  from space 14848K, 0% used [0x00000000ff180000,0x00000000ff180000,0x0000000100000000)
  to   space 15872K, 0% used [0x00000000fe100000,0x00000000fe100000,0x00000000ff080000)
 ParOldGen       total 47104K, used 19921K [0x00000000e1000000, 0x00000000e3e00000, 0x00000000f5b00000)
  object space 47104K, 42% used [0x00000000e1000000,0x00000000e23747b0,0x00000000e3e00000)
 Metaspace       used 58881K, capacity 62636K, committed 62760K, reserved 1103872K
  class space    used 8054K, capacity 8694K, committed 8744K, reserved 1048576K
Event: 715.657 GC heap after
Heap after GC invocations=21 (full 4):
 PSYoungGen      total 153088K, used 7672K [0x00000000f5b00000, 0x0000000100000000, 0x0000000100000000)
  eden space 137216K, 0% used [0x00000000f5b00000,0x00000000f5b00000,0x00000000fe100000)
  from space 15872K, 48% used [0x00000000fe100000,0x00000000fe87e3e0,0x00000000ff080000)
  to   space 15360K, 0% used [0x00000000ff100000,0x00000000ff100000,0x0000000100000000)
 ParOldGen       total 47104K, used 19921K [0x00000000e1000000, 0x00000000e3e00000, 0x00000000f5b00000)
  object space 47104K, 42% used [0x00000000e1000000,0x00000000e23747b0,0x00000000e3e00000)
 Metaspace       used 58881K, capacity 62636K, committed 62760K, reserved 1103872K
  class space    used 8054K, capacity 8694K, committed 8744K, reserved 1048576K
}
Event: 1781.317 GC heap before
{Heap before GC invocations=22 (full 4):
 PSYoungGen      total 153088K, used 44493K [0x00000000f5b00000, 0x0000000100000000, 0x0000000100000000)
  eden space 137216K, 26% used [0x00000000f5b00000,0x00000000f7ef51f8,0x00000000fe100000)
  from space 15872K, 48% used [0x00000000fe100000,0x00000000fe87e3e0,0x00000000ff080000)
  to   space 15360K, 0% used [0x00000000ff100000,0x00000000ff100000,0x0000000100000000)
 ParOldGen       total 47104K, used 19921K [0x00000000e1000000, 0x00000000e3e00000, 0x00000000f5b00000)
  object space 47104K, 42% used [0x00000000e1000000,0x00000000e23747b0,0x00000000e3e00000)
 Metaspace       used 58901K, capacity 62642K, committed 62760K, reserved 1103872K
  class space    used 8054K, capacity 8696K, committed 8744K, reserved 1048576K
Event: 1805.069 GC heap after
Heap after GC invocations=22 (full 4):
 PSYoungGen      total 153600K, used 160K [0x00000000f5b00000, 0x0000000100000000, 0x0000000100000000)
  eden space 138240K, 0% used [0x00000000f5b00000,0x00000000f5b00000,0x00000000fe200000)
  from space 15360K, 1% used [0x00000000ff100000,0x00000000ff128000,0x0000000100000000)
  to   space 15360K, 0% used [0x00000000fe200000,0x00000000fe200000,0x00000000ff100000)
 ParOldGen       total 47104K, used 25545K [0x00000000e1000000, 0x00000000e3e00000, 0x00000000f5b00000)
  object space 47104K, 54% used [0x00000000e1000000,0x00000000e28f24f0,0x00000000e3e00000)
 Metaspace       used 58901K, capacity 62642K, committed 62760K, reserved 1103872K
  class space    used 8054K, capacity 8696K, committed 8744K, reserved 1048576K
}
Event: 1805.069 GC heap before
{Heap before GC invocations=23 (full 5):
 PSYoungGen      total 153600K, used 160K [0x00000000f5b00000, 0x0000000100000000, 0x0000000100000000)
  eden space 138240K, 0% used [0x00000000f5b00000,0x00000000f5b00000,0x00000000fe200000)
  from space 15360K, 1% used [0x00000000ff100000,0x00000000ff128000,0x0000000100000000)
  to   space 15360K, 0% used [0x00000000fe200000,0x00000000fe200000,0x00000000ff100000)
 ParOldGen       total 47104K, used 25545K [0x00000000e1000000, 0x00000000e3e00000, 0x00000000f5b00000)
  object space 47104K, 54% used [0x00000000e1000000,0x00000000e28f24f0,0x00000000e3e00000)
 Metaspace       used 58901K, capacity 62642K, committed 62760K, reserved 1103872K
  class space    used 8054K, capacity 8696K, committed 8744K, reserved 1048576K
Event: 1885.467 GC heap after
Heap after GC invocations=23 (full 5):
 PSYoungGen      total 153600K, used 0K [0x00000000f5b00000, 0x0000000100000000, 0x0000000100000000)
  eden space 138240K, 0% used [0x00000000f5b00000,0x00000000f5b00000,0x00000000fe200000)
  from space 15360K, 0% used [0x00000000ff100000,0x00000000ff100000,0x0000000100000000)
  to   space 15360K, 0% used [0x00000000fe200000,0x00000000fe200000,0x00000000ff100000)
 ParOldGen       total 47104K, used 15199K [0x00000000e1000000, 0x00000000e3e00000, 0x00000000f5b00000)
  object space 47104K, 32% used [0x00000000e1000000,0x00000000e1ed7f30,0x00000000e3e00000)
 Metaspace       used 58849K, capacity 62558K, committed 62760K, reserved 1103872K
  class space    used 8047K, capacity 8681K, committed 8744K, reserved 1048576K
}

Deoptimization events (10 events):
Event: 707.213 Thread 0x0000000056d81800 Uncommon trap: reason=bimorphic action=maybe_recompile pc=0x0000000003215b8c method=java.util.Collections$UnmodifiableCollection.contains(Ljava/lang/Object;)Z @ 5
Event: 707.213 Thread 0x0000000056d81800 Uncommon trap: reason=bimorphic action=maybe_recompile pc=0x0000000003215b8c method=java.util.Collections$UnmodifiableCollection.contains(Ljava/lang/Object;)Z @ 5
Event: 709.129 Thread 0x0000000056d81800 Uncommon trap: reason=unstable_if action=reinterpret pc=0x0000000002753c0c method=org.springframework.boot.autoconfigure.AutoConfigurationSorter$AutoConfigurationClass.getBefore()Ljava/util/Set; @ 4
Event: 714.275 Thread 0x0000000056d81800 Uncommon trap: reason=class_check action=maybe_recompile pc=0x0000000002ef875c method=java.lang.reflect.Method.equals(Ljava/lang/Object;)Z @ 5
Event: 714.677 Thread 0x0000000056d81800 Uncommon trap: reason=unstable_if action=reinterpret pc=0x00000000033103f8 method=org.springframework.beans.factory.support.AbstractBeanFactory.isTypeMatch(Ljava/lang/String;Lorg/springframework/core/ResolvableType;Z)Z @ 581
Event: 714.991 Thread 0x0000000056d81800 Uncommon trap: reason=class_check action=maybe_recompile pc=0x0000000003202c48 method=org.springframework.core.ResolvableType.resolveType()Lorg/springframework/core/ResolvableType; @ 45
Event: 714.991 Thread 0x0000000056d81800 Uncommon trap: reason=class_check action=maybe_recompile pc=0x0000000003202c48 method=org.springframework.core.ResolvableType.resolveType()Lorg/springframework/core/ResolvableType; @ 45
Event: 1556.030 Thread 0x0000000056d7e800 Uncommon trap: reason=unstable_if action=reinterpret pc=0x00000000030225f8 method=java.util.concurrent.ScheduledThreadPoolExecutor$ScheduledFutureTask.compareTo(Ljava/util/concurrent/Delayed;)I @ 40
Event: 1886.110 Thread 0x00000000536b3000 Uncommon trap: reason=unstable_if action=reinterpret pc=0x0000000002a55fa0 method=java.lang.ref.ReferenceQueue.remove(J)Ljava/lang/ref/Reference; @ 81
Event: 1904.781 Thread 0x0000000056d7e800 Uncommon trap: reason=null_check action=make_not_entrant pc=0x00000000030692e4 method=java.util.jar.JarFile.getManifestFromReference()Ljava/util/jar/Manifest; @ 14

Classes redefined (0 events):
No events

Internal exceptions (10 events):
Event: 712.904 Thread 0x0000000056d81800 Exception <a 'sun/nio/fs/WindowsException'> (0x00000000fb5310d0) thrown at [C:\jenkins\workspace\8-2-build-windows-amd64-cygwin\jdk8u291\1294\hotspot\src\share\vm\prims\jni.cpp, line 710]
Event: 712.905 Thread 0x0000000056d81800 Exception <a 'sun/nio/fs/WindowsException'> (0x00000000fb531e50) thrown at [C:\jenkins\workspace\8-2-build-windows-amd64-cygwin\jdk8u291\1294\hotspot\src\share\vm\prims\jni.cpp, line 710]
Event: 712.970 Thread 0x0000000056d81800 Exception <a 'java/io/FileNotFoundException'> (0x00000000fb595b98) thrown at [C:\jenkins\workspace\8-2-build-windows-amd64-cygwin\jdk8u291\1294\hotspot\src\share\vm\prims\jni.cpp, line 710]
Event: 713.067 Thread 0x0000000056d81800 Exception <a 'java/io/FileNotFoundException'> (0x00000000fb66f5a8) thrown at [C:\jenkins\workspace\8-2-build-windows-amd64-cygwin\jdk8u291\1294\hotspot\src\share\vm\prims\jni.cpp, line 710]
Event: 714.057 Thread 0x0000000056d81800 Exception <a 'java/lang/ClassNotFoundException': java/lang/ObjectCustomizer> (0x00000000fc574f98) thrown at [C:\jenkins\workspace\8-2-build-windows-amd64-cygwin\jdk8u291\1294\hotspot\src\share\vm\classfile\systemDictionary.cpp, line 212]
Event: 714.060 Thread 0x0000000056d81800 Exception <a 'java/lang/ClassNotFoundException': com/portfolio/asv/Entity/PersonaCustomizer> (0x00000000fc6369f0) thrown at [C:\jenkins\workspace\8-2-build-windows-amd64-cygwin\jdk8u291\1294\hotspot\src\share\vm\classfile\systemDictionary.cpp, line 212]
Event: 1764.232 Thread 0x0000000056d7d800 Exception <a 'java/lang/InterruptedException': sleep interrupted> (0x00000000f7dc0538) thrown at [C:\jenkins\workspace\8-2-build-windows-amd64-cygwin\jdk8u291\1294\hotspot\src\share\vm\prims\jvm.cpp, line 3357]
Event: 1886.110 Thread 0x00000000536b3000 Implicit null exception at 0x0000000002a55b85 to 0x0000000002a55f80
Event: 1892.883 Thread 0x0000000056d7e800 Exception <a 'java/io/FileNotFoundException'> (0x00000000f5ecab38) thrown at [C:\jenkins\workspace\8-2-build-windows-amd64-cygwin\jdk8u291\1294\hotspot\src\share\vm\prims\jni.cpp, line 710]
Event: 1904.638 Thread 0x0000000056d7e800 Implicit null exception at 0x00000000030639f1 to 0x00000000030692d9

Events (10 events):
Event: 1914.679 loading class com/datastax/oss/driver/api/core/CqlSession
Event: 1914.679 loading class com/datastax/oss/driver/api/core/CqlSession done
Event: 1914.760 loading class com/datastax/oss/driver/api/core/CqlSession
Event: 1914.760 loading class com/datastax/oss/driver/api/core/CqlSession done
Event: 1914.863 loading class org/springframework/data/cassandra/ReactiveSession
Event: 1914.863 loading class org/springframework/data/cassandra/ReactiveSession done
Event: 1914.864 loading class com/unboundid/ldap/listener/InMemoryDirectoryServer
Event: 1914.864 loading class com/unboundid/ldap/listener/InMemoryDirectoryServer done
Event: 1914.865 loading class com/datastax/oss/driver/api/core/CqlSession
Event: 1914.865 loading class com/datastax/oss/driver/api/core/CqlSession done


Dynamic libraries:
0x000000013fd30000 - 0x000000013fd77000 	C:\Program Files\Java\jdk1.8.0_291\bin\java.exe
0x0000000077760000 - 0x00000000778ff000 	C:\Windows\SYSTEM32\ntdll.dll
0x0000000077540000 - 0x000000007765f000 	C:\Windows\system32\kernel32.dll
0x000007fefd740000 - 0x000007fefd7a7000 	C:\Windows\system32\KERNELBASE.dll
0x000007fefefd0000 - 0x000007feff0ab000 	C:\Windows\system32\ADVAPI32.dll
0x000007fefeeb0000 - 0x000007fefef4f000 	C:\Windows\system32\msvcrt.dll
0x000007fefda60000 - 0x000007fefda7f000 	C:\Windows\SYSTEM32\sechost.dll
0x000007fefdb00000 - 0x000007fefdc2c000 	C:\Windows\system32\RPCRT4.dll
0x0000000077660000 - 0x000000007775a000 	C:\Windows\system32\USER32.dll
0x000007fefef50000 - 0x000007fefefb7000 	C:\Windows\system32\GDI32.dll
0x000007fefefc0000 - 0x000007fefefce000 	C:\Windows\system32\LPK.dll
0x000007fefdcd0000 - 0x000007fefdd9b000 	C:\Windows\system32\USP10.dll
0x000007fefc110000 - 0x000007fefc305000 	C:\Windows\WinSxS\amd64_microsoft.windows.common-controls_6595b64144ccf1df_6.0.7601.24483_none_e372d88f30fbb845\COMCTL32.dll
0x000007fefda80000 - 0x000007fefdaf1000 	C:\Windows\system32\SHLWAPI.dll
0x000007feff790000 - 0x000007feff7be000 	C:\Windows\system32\IMM32.DLL
0x000007feff680000 - 0x000007feff78b000 	C:\Windows\system32\MSCTF.dll
0x000007fef7fa0000 - 0x000007fef7fa3000 	C:\Windows\system32\api-ms-win-core-synch-l1-2-0.DLL
0x000007fef3470000 - 0x000007fef3485000 	C:\Program Files\Java\jdk1.8.0_291\jre\bin\vcruntime140.dll
0x000007fef3fa0000 - 0x000007fef3fa4000 	C:\Windows\system32\api-ms-win-crt-runtime-l1-1-0.dll
0x000007feeb610000 - 0x000007feeb704000 	C:\Windows\system32\ucrtbase.DLL
0x000007fef5250000 - 0x000007fef5253000 	C:\Windows\system32\api-ms-win-core-timezone-l1-1-0.dll
0x000007fef5240000 - 0x000007fef5243000 	C:\Windows\system32\api-ms-win-core-file-l2-1-0.dll
0x000007fef5230000 - 0x000007fef5233000 	C:\Windows\system32\api-ms-win-core-localization-l1-2-0.dll
0x000007fef5220000 - 0x000007fef5223000 	C:\Windows\system32\api-ms-win-core-processthreads-l1-1-1.dll
0x000007fef5210000 - 0x000007fef5213000 	C:\Windows\system32\api-ms-win-core-file-l1-2-0.dll
0x000007feecf80000 - 0x000007feecf83000 	C:\Windows\system32\api-ms-win-crt-heap-l1-1-0.dll
0x000007fef5260000 - 0x000007fef5264000 	C:\Windows\system32\api-ms-win-crt-string-l1-1-0.dll
0x000007feeb520000 - 0x000007feeb524000 	C:\Windows\system32\api-ms-win-crt-stdio-l1-1-0.dll
0x000007feeb510000 - 0x000007feeb514000 	C:\Windows\system32\api-ms-win-crt-convert-l1-1-0.dll
0x000007fee51d0000 - 0x000007fee526b000 	C:\Program Files\Java\jdk1.8.0_291\jre\bin\msvcp140.dll
0x000007feeb500000 - 0x000007feeb503000 	C:\Windows\system32\api-ms-win-crt-locale-l1-1-0.dll
0x000007fef5020000 - 0x000007fef5025000 	C:\Windows\system32\api-ms-win-crt-math-l1-1-0.dll
0x000007feeb4f0000 - 0x000007feeb4f3000 	C:\Windows\system32\api-ms-win-crt-filesystem-l1-1-0.dll
0x000007fef3f20000 - 0x000007fef3f23000 	C:\Windows\system32\api-ms-win-crt-time-l1-1-0.dll
0x000007feeb4e0000 - 0x000007feeb4e3000 	C:\Windows\system32\api-ms-win-crt-environment-l1-1-0.dll
0x000007feeb4d0000 - 0x000007feeb4d3000 	C:\Windows\system32\api-ms-win-crt-utility-l1-1-0.dll
0x0000000067400000 - 0x0000000067c60000 	C:\Program Files\Java\jdk1.8.0_291\jre\bin\server\jvm.dll
0x000007fef8660000 - 0x000007fef8669000 	C:\Windows\system32\WSOCK32.dll
0x000007fefe0d0000 - 0x000007fefe11d000 	C:\Windows\system32\WS2_32.dll
0x000007feff410000 - 0x000007feff418000 	C:\Windows\system32\NSI.dll
0x000007fef6ff0000 - 0x000007fef702b000 	C:\Windows\system32\WINMM.dll
0x000007fefc7a0000 - 0x000007fefc7ac000 	C:\Windows\system32\VERSION.dll
0x0000000077900000 - 0x0000000077907000 	C:\Windows\system32\PSAPI.DLL
0x000007feefd40000 - 0x000007feefd50000 	C:\Program Files\Java\jdk1.8.0_291\jre\bin\verify.dll
0x000007feee7a0000 - 0x000007feee7cb000 	C:\Program Files\Java\jdk1.8.0_291\jre\bin\java.dll
0x000007feeecd0000 - 0x000007feeece8000 	C:\Program Files\Java\jdk1.8.0_291\jre\bin\zip.dll
0x000007fefe120000 - 0x000007fefeeab000 	C:\Windows\system32\SHELL32.dll
0x000007fefded0000 - 0x000007fefe0cf000 	C:\Windows\system32\ole32.dll
0x000007fefd650000 - 0x000007fefd65f000 	C:\Windows\system32\profapi.dll
0x000007feee150000 - 0x000007feee15d000 	C:\Program Files\Java\jdk1.8.0_291\jre\bin\management.dll
0x000007feee780000 - 0x000007feee79c000 	C:\Program Files\Java\jdk1.8.0_291\jre\bin\net.dll
0x000007fefcd40000 - 0x000007fefcd95000 	C:\Windows\system32\mswsock.dll
0x000007fefd010000 - 0x000007fefd017000 	C:\Windows\System32\wship6.dll
0x000007fefb540000 - 0x000007fefb555000 	C:\Windows\system32\NLAapi.dll
0x000007fefa3b0000 - 0x000007fefa3c5000 	C:\Windows\system32\napinsp.dll
0x000007fefa390000 - 0x000007fefa3a9000 	C:\Windows\system32\pnrpnsp.dll
0x000007fefcc30000 - 0x000007fefcc8b000 	C:\Windows\system32\DNSAPI.dll
0x000007fefa2c0000 - 0x000007fefa2cb000 	C:\Windows\System32\winrnr.dll
0x000007fefc870000 - 0x000007fefc877000 	C:\Windows\System32\wshtcpip.dll
0x000007fefb1d0000 - 0x000007fefb1f7000 	C:\Windows\system32\IPHLPAPI.DLL
0x000007fefb170000 - 0x000007fefb17b000 	C:\Windows\system32\WINNSI.DLL
0x000007fefa2b0000 - 0x000007fefa2b8000 	C:\Windows\system32\rasadhlp.dll
0x000007fefb090000 - 0x000007fefb0e3000 	C:\Windows\System32\fwpuclnt.dll
0x000007feee1c0000 - 0x000007feee1d3000 	C:\Program Files\Java\jdk1.8.0_291\jre\bin\nio.dll
0x000007fefcf50000 - 0x000007fefcf68000 	C:\Windows\system32\CRYPTSP.dll
0x000007fefcb40000 - 0x000007fefcb87000 	C:\Windows\system32\rsaenh.dll
0x000007fefc980000 - 0x000007fefc99f000 	C:\Windows\system32\USERENV.dll
0x000007fefd540000 - 0x000007fefd54f000 	C:\Windows\system32\CRYPTBASE.dll
0x000007fefaf90000 - 0x000007fefafa8000 	C:\Windows\system32\dhcpcsvc.DLL
0x000007fefadd0000 - 0x000007fefade1000 	C:\Windows\system32\dhcpcsvc6.DLL
0x000007feeb1d0000 - 0x000007feeb1f4000 	C:\Program Files\Java\jdk1.8.0_291\jre\bin\sunec.dll
0x000007fee9360000 - 0x000007fee936d000 	C:\Program Files\Java\jdk1.8.0_291\jre\bin\sunmscapi.dll
0x000007fefd890000 - 0x000007fefd9fd000 	C:\Windows\system32\CRYPT32.dll
0x000007fefd6f0000 - 0x000007fefd6ff000 	C:\Windows\system32\MSASN1.dll
0x000007fefd050000 - 0x000007fefd0a0000 	C:\Windows\system32\ncrypt.dll
0x000007fefd020000 - 0x000007fefd042000 	C:\Windows\system32\bcrypt.dll
0x000007fef88c0000 - 0x000007fef89e5000 	C:\Windows\system32\dbghelp.dll

VM Arguments:
java_command: com.portfolio.asv.AsvApplication
java_class_path (initial): D:\Web Full Stack\Proyecto Final\Portfolio.BackEnd\target\classes;C:\Users\Villegas\.m2\repository\org\springframework\boot\spring-boot-starter-data-jpa\2.7.11\spring-boot-starter-data-jpa-2.7.11.jar;C:\Users\Villegas\.m2\repository\org\springframework\boot\spring-boot-starter-aop\2.7.11\spring-boot-starter-aop-2.7.11.jar;C:\Users\Villegas\.m2\repository\org\springframework\spring-aop\5.3.27\spring-aop-5.3.27.jar;C:\Users\Villegas\.m2\repository\org\aspectj\aspectjweaver\1.9.7\aspectjweaver-1.9.7.jar;C:\Users\Villegas\.m2\repository\org\springframework\boot\spring-boot-starter-jdbc\2.7.11\spring-boot-starter-jdbc-2.7.11.jar;C:\Users\Villegas\.m2\repository\com\zaxxer\HikariCP\4.0.3\HikariCP-4.0.3.jar;C:\Users\Villegas\.m2\repository\org\springframework\spring-jdbc\5.3.27\spring-jdbc-5.3.27.jar;C:\Users\Villegas\.m2\repository\jakarta\transaction\jakarta.transaction-api\1.3.3\jakarta.transaction-api-1.3.3.jar;C:\Users\Villegas\.m2\repository\jakarta\persistence\jakarta.persistence-api\2.2.3\jakarta.persistence-api-2.2.3.jar;C:\Users\Villegas\.m2\repository\org\hibernate\hibernate-core\5.6.15.Final\hibernate-core-5.6.15.Final.jar;C:\Users\Villegas\.m2\repository\org\jboss\logging\jboss-logging\3.4.3.Final\jboss-logging-3.4.3.Final.jar;C:\Users\Villegas\.m2\repository\net\bytebuddy\byte-buddy\1.12.23\byte-buddy-1.12.23.jar;C:\Users\Villegas\.m2\repository\antlr\antlr\2.7.7\antlr-2.7.7.jar;C:\Users\Villegas\.m2\repository\org\jboss\jandex\2.4.2.Final\jandex-2.4.2.Final.jar;C:\Users\Villegas\.m2\repository\com\fasterxml\classmate\1.5.1\classmate-1.5.1.jar;C:\Users\Villegas\.m2\repository\org\hibernate\common\hibernate-commons-annotations\5.1.2.Final\hibernate-commons-annotations-5.1.2.Final.jar;C:\Users\Villegas\.m2\repository\org\glassfish\jaxb\jaxb-runtime\2.3.8\jaxb-runtime-2.3.8.jar;C:\Users\Villegas\.m2\repository\org\glassfish\jaxb\txw2\2.3.8\txw2-2.3.8.jar;C:\Users\Villegas\.m2\repository\com\sun\istack\istack-commons-runtime\3.0.12\is
Launcher Type: SUN_STANDARD

Environment Variables:
JAVA_HOME=C:\Program Files\Java\jdk1.8.0_291
PATH=C:\Program Files (x86)\Common Files\Oracle\Java\javapath;C:\ProgramData\Oracle\Java\javapath;C:\Windows\system32;C:\Windows;C:\Windows\System32\Wbem;C:\Windows\System32\WindowsPowerShell\v1.0\;C:\Program Files (x86)\Smart Projects\IsoBuster;C:\Users\Villegas\AppData\Local\Programs\Python\Python38;C:\Program Files\Git\cmd;C:\Users\Villegas\AppData\Roaming\nvm;C:\Program Files\nodejs;C:\Program Files\Java\jdk1.8.0_291\bin;C:\Program Files\MySQL\MySQL Server 5.5\bin;C:\Users\Villegas\AppData\Local\Programs\Python\Python38\Scripts\;C:\Users\Villegas\AppData\Local\Programs\Python\Python38\;C:\Users\Villegas\AppData\Local\Programs\Microsoft VS Code\bin;C:\Users\Villegas\AppData\Roaming\nvm;C:\Program Files\nodejs
USERNAME=Villegas
OS=Windows_NT
PROCESSOR_IDENTIFIER=Intel64 Family 6 Model 15 Stepping 13, GenuineIntel



---------------  S Y S T E M  ---------------

OS: Windows 7 , 64 bit Build 7601 (6.1.7601.24520)

CPU:total 2 (initial active 2) (2 cores per cpu, 1 threads per core) family 6 model 15 stepping 13, cmov, cx8, fxsr, mmx, sse, sse2, sse3, ssse3, tsc

Memory: 4k page, physical 2030072k(71464k free), swap 8113120k(177008k free)

vm_info: Java HotSpot(TM) 64-Bit Server VM (25.291-b10) for windows-amd64 JRE (1.8.0_291-b10), built on Apr  9 2021 00:02:00 by "java_re" with MS VC++ 15.9 (VS2017)

time: Thu May  4 04:04:11 2023
timezone: Hora estándar de Argentina
elapsed time: 1927.762626 seconds (0d 0h 32m 7s)

